# JRE version: OpenJDK Runtime Environment (8.0_242) (build 1.8.0_242-release-1644-b3-6222593)
# Java VM: OpenJDK 64-Bit Server VM (25.242-b3-6222593 mixed mode linux-amd64 compressed oops)
Heap:
 PSYoungGen      total 396288K, used 0K [0x00000000e0000000, 0x0000000100000000, 0x0000000100000000)
  eden space 270336K, 0% used [0x00000000e0000000,0x00000000e0000000,0x00000000f0800000)
  from space 125952K, 0% used [0x00000000f8500000,0x00000000f8500000,0x0000000100000000)
  to   space 126976K, 0% used [0x00000000f0800000,0x00000000f0800000,0x00000000f8400000)
 ParOldGen       total 319488K, used 275118K [0x00000000a0000000, 0x00000000b3800000, 0x00000000e0000000)
  object space 319488K, 86% used [0x00000000a0000000,0x00000000b0cabbd0,0x00000000b3800000)
 Metaspace       used 162504K, capacity 170058K, committed 171120K, reserved 1198080K
  class space    used 20943K, capacity 22373K, committed 22648K, reserved 1048576K
GC Heap History (10 events):
Event: 2201,233 GC heap after
Heap after GC invocations=34 (full 6):
 PSYoungGen      total 409600K, used 0K [0x00000000e0000000, 0x0000000100000000, 0x0000000100000000)
  eden space 293376K, 0% used [0x00000000e0000000,0x00000000e0000000,0x00000000f1e80000)
  from space 116224K, 0% used [0x00000000f8e80000,0x00000000f8e80000,0x0000000100000000)
  to   space 114688K, 0% used [0x00000000f1e80000,0x00000000f1e80000,0x00000000f8e80000)
 ParOldGen       total 319488K, used 116313K [0x00000000a0000000, 0x00000000b3800000, 0x00000000e0000000)
  object space 319488K, 36% used [0x00000000a0000000,0x00000000a71966e0,0x00000000b3800000)
 Metaspace       used 158050K, capacity 165318K, committed 167024K, reserved 1193984K
  class space    used 20583K, capacity 21956K, committed 22392K, reserved 1048576K
}
Event: 2226,871 GC heap before
{Heap before GC invocations=35 (full 6):
 PSYoungGen      total 409600K, used 293376K [0x00000000e0000000, 0x0000000100000000, 0x0000000100000000)
  eden space 293376K, 100% used [0x00000000e0000000,0x00000000f1e80000,0x00000000f1e80000)
  from space 116224K, 0% used [0x00000000f8e80000,0x00000000f8e80000,0x0000000100000000)
  to   space 114688K, 0% used [0x00000000f1e80000,0x00000000f1e80000,0x00000000f8e80000)
 ParOldGen       total 319488K, used 116313K [0x00000000a0000000, 0x00000000b3800000, 0x00000000e0000000)
  object space 319488K, 36% used [0x00000000a0000000,0x00000000a71966e0,0x00000000b3800000)
 Metaspace       used 162281K, capacity 169946K, committed 170864K, reserved 1198080K
  class space    used 20971K, capacity 22406K, committed 22648K, reserved 1048576K
Event: 2226,899 GC heap after
Heap after GC invocations=35 (full 6):
 PSYoungGen      total 311808K, used 18044K [0x00000000e0000000, 0x00000000ff980000, 0x0000000100000000)
  eden space 293376K, 0% used [0x00000000e0000000,0x00000000e0000000,0x00000000f1e80000)
  from space 18432K, 97% used [0x00000000f1e80000,0x00000000f301f248,0x00000000f3080000)
  to   space 112128K, 0% used [0x00000000f8c00000,0x00000000f8c00000,0x00000000ff980000)
 ParOldGen       total 319488K, used 116321K [0x00000000a0000000, 0x00000000b3800000, 0x00000000e0000000)
  object space 319488K, 36% used [0x00000000a0000000,0x00000000a71986e0,0x00000000b3800000)
 Metaspace       used 162281K, capacity 169946K, committed 170864K, reserved 1198080K
  class space    used 20971K, capacity 22406K, committed 22648K, reserved 1048576K
}
Event: 2227,471 GC heap before
{Heap before GC invocations=36 (full 6):
 PSYoungGen      total 311808K, used 311420K [0x00000000e0000000, 0x00000000ff980000, 0x0000000100000000)
  eden space 293376K, 100% used [0x00000000e0000000,0x00000000f1e80000,0x00000000f1e80000)
  from space 18432K, 97% used [0x00000000f1e80000,0x00000000f301f248,0x00000000f3080000)
  to   space 112128K, 0% used [0x00000000f8c00000,0x00000000f8c00000,0x00000000ff980000)
 ParOldGen       total 319488K, used 116321K [0x00000000a0000000, 0x00000000b3800000, 0x00000000e0000000)
  object space 319488K, 36% used [0x00000000a0000000,0x00000000a71986e0,0x00000000b3800000)
 Metaspace       used 162499K, capacity 170152K, committed 171120K, reserved 1198080K
  class space    used 20971K, capacity 22407K, committed 22648K, reserved 1048576K
Event: 2227,529 GC heap after
Heap after GC invocations=36 (full 6):
 PSYoungGen      total 404992K, used 62308K [0x00000000e0000000, 0x0000000100000000, 0x0000000100000000)
  eden space 292864K, 0% used [0x00000000e0000000,0x00000000e0000000,0x00000000f1e00000)
  from space 112128K, 55% used [0x00000000f8c00000,0x00000000fc8d9250,0x00000000ff980000)
  to   space 112640K, 0% used [0x00000000f1e00000,0x00000000f1e00000,0x00000000f8c00000)
 ParOldGen       total 319488K, used 126602K [0x00000000a0000000, 0x00000000b3800000, 0x00000000e0000000)
  object space 319488K, 39% used [0x00000000a0000000,0x00000000a7ba2ba8,0x00000000b3800000)
 Metaspace       used 162499K, capacity 170152K, committed 171120K, reserved 1198080K
  class space    used 20971K, capacity 22407K, committed 22648K, reserved 1048576K
}
Event: 2228,038 GC heap before
{Heap before GC invocations=37 (full 6):
 PSYoungGen      total 404992K, used 355172K [0x00000000e0000000, 0x0000000100000000, 0x0000000100000000)
  eden space 292864K, 100% used [0x00000000e0000000,0x00000000f1e00000,0x00000000f1e00000)
  from space 112128K, 55% used [0x00000000f8c00000,0x00000000fc8d9250,0x00000000ff980000)
  to   space 112640K, 0% used [0x00000000f1e00000,0x00000000f1e00000,0x00000000f8c00000)
 ParOldGen       total 319488K, used 126602K [0x00000000a0000000, 0x00000000b3800000, 0x00000000e0000000)
  object space 319488K, 39% used [0x00000000a0000000,0x00000000a7ba2ba8,0x00000000b3800000)
 Metaspace       used 162586K, capacity 170232K, committed 171120K, reserved 1198080K
  class space    used 20972K, capacity 22407K, committed 22648K, reserved 1048576K
Event: 2228,153 GC heap after
Heap after GC invocations=37 (full 6):
 PSYoungGen      total 398336K, used 105044K [0x00000000e0000000, 0x0000000100000000, 0x0000000100000000)
  eden space 292864K, 0% used [0x00000000e0000000,0x00000000e0000000,0x00000000f1e00000)
  from space 105472K, 99% used [0x00000000f1e00000,0x00000000f8495290,0x00000000f8500000)
  to   space 125952K, 0% used [0x00000000f8500000,0x00000000f8500000,0x0000000100000000)
 ParOldGen       total 319488K, used 172073K [0x00000000a0000000, 0x00000000b3800000, 0x00000000e0000000)
  object space 319488K, 53% used [0x00000000a0000000,0x00000000aa80a7a0,0x00000000b3800000)
 Metaspace       used 162586K, capacity 170232K, committed 171120K, reserved 1198080K
  class space    used 20972K, capacity 22407K, committed 22648K, reserved 1048576K
}
Event: 2233,124 GC heap before
{Heap before GC invocations=38 (full 6):
 PSYoungGen      total 398336K, used 397908K [0x00000000e0000000, 0x0000000100000000, 0x0000000100000000)
  eden space 292864K, 100% used [0x00000000e0000000,0x00000000f1e00000,0x00000000f1e00000)
  from space 105472K, 99% used [0x00000000f1e00000,0x00000000f8495290,0x00000000f8500000)
  to   space 125952K, 0% used [0x00000000f8500000,0x00000000f8500000,0x0000000100000000)
 ParOldGen       total 319488K, used 172073K [0x00000000a0000000, 0x00000000b3800000, 0x00000000e0000000)
  object space 319488K, 53% used [0x00000000a0000000,0x00000000aa80a7a0,0x00000000b3800000)
 Metaspace       used 162601K, capacity 170232K, committed 171120K, reserved 1198080K
  class space    used 20972K, capacity 22407K, committed 22648K, reserved 1048576K
Event: 2233,277 GC heap after
Heap after GC invocations=38 (full 6):
 PSYoungGen      total 396288K, used 67241K [0x00000000e0000000, 0x0000000100000000, 0x0000000100000000)
  eden space 270336K, 0% used [0x00000000e0000000,0x00000000e0000000,0x00000000f0800000)
  from space 125952K, 53% used [0x00000000f8500000,0x00000000fc6aa580,0x0000000100000000)
  to   space 126976K, 0% used [0x00000000f0800000,0x00000000f0800000,0x00000000f8400000)
 ParOldGen       total 319488K, used 265262K [0x00000000a0000000, 0x00000000b3800000, 0x00000000e0000000)
  object space 319488K, 83% used [0x00000000a0000000,0x00000000b030bba0,0x00000000b3800000)
 Metaspace       used 162601K, capacity 170232K, committed 171120K, reserved 1198080K
  class space    used 20972K, capacity 22407K, committed 22648K, reserved 1048576K
}
Event: 2233,277 GC heap before
{Heap before GC invocations=39 (full 7):
 PSYoungGen      total 396288K, used 67241K [0x00000000e0000000, 0x0000000100000000, 0x0000000100000000)
  eden space 270336K, 0% used [0x00000000e0000000,0x00000000e0000000,0x00000000f0800000)
  from space 125952K, 53% used [0x00000000f8500000,0x00000000fc6aa580,0x0000000100000000)
  to   space 126976K, 0% used [0x00000000f0800000,0x00000000f0800000,0x00000000f8400000)
 ParOldGen       total 319488K, used 265262K [0x00000000a0000000, 0x00000000b3800000, 0x00000000e0000000)
  object space 319488K, 83% used [0x00000000a0000000,0x00000000b030bba0,0x00000000b3800000)
 Metaspace       used 162601K, capacity 170232K, committed 171120K, reserved 1198080K
  class space    used 20972K, capacity 22407K, committed 22648K, reserved 1048576K

